<?xml version="1.0" encoding="UTF-8"?>
<!-- Generated by org.testng.reporters.JUnitXMLReporter -->
<testsuite ignored="0" hostname="01HW2077834" failures="0" tests="2" name="Error MessageValidation Test" time="8.12" errors="0" timestamp="2024-10-07T15:34:32 IST">
  <testcase classname="manojframeworks.tests.errorMessageValidationTest" name="confirmationMessageValidation" time="0.0">
    <skipped/>
  </testcase> <!-- confirmationMessageValidation -->
  <testcase classname="manojframeworks.tests.errorMessageValidationTest" name="submitOrder" time="0.0">
    <skipped/>
  </testcase> <!-- submitOrder -->
</testsuite> <!-- Error MessageValidation Test -->
