<?xml version="1.0" encoding="UTF-8"?>
<!-- Generated by org.testng.reporters.JUnitXMLReporter -->
<testsuite ignored="0" hostname="01HW2077834" failures="0" tests="3" name="Submit Order Test" time="9.141" errors="0" timestamp="2024-10-07T15:34:24 IST">
  <testcase classname="manojframeworks.testComponents.BaseTest" name="@BeforeMethod lunchApplication" time="4.86">
    <failure type="org.openqa.selenium.SessionNotCreatedException" message="Could not start a new session. Response code 500. Message: session not created: This version of Microsoft Edge WebDriver only supports Microsoft Edge version 126
Current browser version is 129.0.2792.65 with binary path C:\Program Files (x86)\Microsoft\Edge\Application\msedge.exe 
Host info: host: &amp;apos;01HW2077834&amp;apos;, ip: &amp;apos;10.19.237.149&amp;apos;
Build info: version: &amp;apos;4.21.0&amp;apos;, revision: &amp;apos;79ed462ef4&amp;apos;
System info: os.name: &amp;apos;Windows 11&amp;apos;, os.arch: &amp;apos;amd64&amp;apos;, os.version: &amp;apos;10.0&amp;apos;, java.version: &amp;apos;17.0.10&amp;apos;
Driver info: org.openqa.selenium.edge.EdgeDriver
Command: [null, newSession {capabilities=[Capabilities {browserName: MicrosoftEdge, ms:edgeOptions: {args: [], extensions: []}}]}]">
      <![CDATA[org.openqa.selenium.SessionNotCreatedException: Could not start a new session. Response code 500. Message: session not created: This version of Microsoft Edge WebDriver only supports Microsoft Edge version 126
Current browser version is 129.0.2792.65 with binary path C:\Program Files (x86)\Microsoft\Edge\Application\msedge.exe 
Host info: host: '01HW2077834', ip: '10.19.237.149'
Build info: version: '4.21.0', revision: '79ed462ef4'
System info: os.name: 'Windows 11', os.arch: 'amd64', os.version: '10.0', java.version: '17.0.10'
Driver info: org.openqa.selenium.edge.EdgeDriver
Command: [null, newSession {capabilities=[Capabilities {browserName: MicrosoftEdge, ms:edgeOptions: {args: [], extensions: []}}]}]
at org.openqa.selenium.remote.ProtocolHandshake.createSession(ProtocolHandshake.java:114)
at org.openqa.selenium.remote.ProtocolHandshake.createSession(ProtocolHandshake.java:75)
at org.openqa.selenium.remote.ProtocolHandshake.createSession(ProtocolHandshake.java:61)
at org.openqa.selenium.remote.HttpCommandExecutor.execute(HttpCommandExecutor.java:162)
at org.openqa.selenium.remote.service.DriverCommandExecutor.invokeExecute(DriverCommandExecutor.java:216)
at org.openqa.selenium.remote.service.DriverCommandExecutor.execute(DriverCommandExecutor.java:174)
at org.openqa.selenium.remote.RemoteWebDriver.execute(RemoteWebDriver.java:518)
at org.openqa.selenium.remote.RemoteWebDriver.startSession(RemoteWebDriver.java:232)
at org.openqa.selenium.remote.RemoteWebDriver.<init>(RemoteWebDriver.java:161)
at org.openqa.selenium.chromium.ChromiumDriver.<init>(ChromiumDriver.java:114)
at org.openqa.selenium.edge.EdgeDriver.<init>(EdgeDriver.java:60)
at org.openqa.selenium.edge.EdgeDriver.<init>(EdgeDriver.java:56)
at org.openqa.selenium.edge.EdgeDriver.<init>(EdgeDriver.java:48)
at org.openqa.selenium.edge.EdgeDriver.<init>(EdgeDriver.java:44)
at manojframeworks.testComponents.BaseTest.initializer(BaseTest.java:41)
at manojframeworks.testComponents.BaseTest.lunchApplication(BaseTest.java:82)
at java.base/java.util.ArrayList.forEach(ArrayList.java:1511)
... Removed 31 stack frames]]>
    </failure>
  </testcase> <!-- @BeforeMethod lunchApplication -->
  <testcase classname="manojframeworks.testComponents.BaseTest" name="@BeforeMethod lunchApplication" time="4.06">
    <failure type="org.openqa.selenium.SessionNotCreatedException" message="Could not start a new session. Response code 500. Message: session not created: This version of Microsoft Edge WebDriver only supports Microsoft Edge version 126
Current browser version is 129.0.2792.65 with binary path C:\Program Files (x86)\Microsoft\Edge\Application\msedge.exe 
Host info: host: &amp;apos;01HW2077834&amp;apos;, ip: &amp;apos;10.19.237.149&amp;apos;
Build info: version: &amp;apos;4.21.0&amp;apos;, revision: &amp;apos;79ed462ef4&amp;apos;
System info: os.name: &amp;apos;Windows 11&amp;apos;, os.arch: &amp;apos;amd64&amp;apos;, os.version: &amp;apos;10.0&amp;apos;, java.version: &amp;apos;17.0.10&amp;apos;
Driver info: org.openqa.selenium.edge.EdgeDriver
Command: [null, newSession {capabilities=[Capabilities {browserName: MicrosoftEdge, ms:edgeOptions: {args: [], extensions: []}}]}]">
      <![CDATA[org.openqa.selenium.SessionNotCreatedException: Could not start a new session. Response code 500. Message: session not created: This version of Microsoft Edge WebDriver only supports Microsoft Edge version 126
Current browser version is 129.0.2792.65 with binary path C:\Program Files (x86)\Microsoft\Edge\Application\msedge.exe 
Host info: host: '01HW2077834', ip: '10.19.237.149'
Build info: version: '4.21.0', revision: '79ed462ef4'
System info: os.name: 'Windows 11', os.arch: 'amd64', os.version: '10.0', java.version: '17.0.10'
Driver info: org.openqa.selenium.edge.EdgeDriver
Command: [null, newSession {capabilities=[Capabilities {browserName: MicrosoftEdge, ms:edgeOptions: {args: [], extensions: []}}]}]
at org.openqa.selenium.remote.ProtocolHandshake.createSession(ProtocolHandshake.java:114)
at org.openqa.selenium.remote.ProtocolHandshake.createSession(ProtocolHandshake.java:75)
at org.openqa.selenium.remote.ProtocolHandshake.createSession(ProtocolHandshake.java:61)
at org.openqa.selenium.remote.HttpCommandExecutor.execute(HttpCommandExecutor.java:162)
at org.openqa.selenium.remote.service.DriverCommandExecutor.invokeExecute(DriverCommandExecutor.java:216)
at org.openqa.selenium.remote.service.DriverCommandExecutor.execute(DriverCommandExecutor.java:174)
at org.openqa.selenium.remote.RemoteWebDriver.execute(RemoteWebDriver.java:518)
at org.openqa.selenium.remote.RemoteWebDriver.startSession(RemoteWebDriver.java:232)
at org.openqa.selenium.remote.RemoteWebDriver.<init>(RemoteWebDriver.java:161)
at org.openqa.selenium.chromium.ChromiumDriver.<init>(ChromiumDriver.java:114)
at org.openqa.selenium.edge.EdgeDriver.<init>(EdgeDriver.java:60)
at org.openqa.selenium.edge.EdgeDriver.<init>(EdgeDriver.java:56)
at org.openqa.selenium.edge.EdgeDriver.<init>(EdgeDriver.java:48)
at org.openqa.selenium.edge.EdgeDriver.<init>(EdgeDriver.java:44)
at manojframeworks.testComponents.BaseTest.initializer(BaseTest.java:41)
at manojframeworks.testComponents.BaseTest.lunchApplication(BaseTest.java:82)
at java.base/java.util.ArrayList.forEach(ArrayList.java:1511)
... Removed 31 stack frames]]>
    </failure>
  </testcase> <!-- @BeforeMethod lunchApplication -->
  <testcase classname="manojframeworks.tests.subMitOrderTest" name="submitOrder" time="0.001">
    <skipped/>
  </testcase> <!-- submitOrder -->
  <testcase classname="manojframeworks.tests.subMitOrderTest" name="submitOrder" time="0.0">
    <skipped/>
  </testcase> <!-- submitOrder -->
  <testcase classname="manojframeworks.tests.subMitOrderTest" name="verifyOrdredProduct" time="0.0">
    <skipped/>
  </testcase> <!-- verifyOrdredProduct -->
</testsuite> <!-- Submit Order Test -->
